<?xml version="1.0" encoding="UTF-8"?>
<!-- Generated by org.testng.reporters.JUnitReportReporter -->
<testsuite skipped="0" hostname="HARBIR-PC" name="harbir.APITest" tests="2" failures="0" timestamp="18 Oct 2018 16:11:21 GMT" time="0.009" errors="0">
  <testcase name="BrowserAutomation" time="0.009" classname="harbir.APITest"/>
  <testcase name="ElementsUI" time="0.000" classname="harbir.APITest"/>
</testsuite> <!-- harbir.APITest -->
