<?xml version="1.0" encoding="UTF-8"?>
<!-- Generated by org.testng.reporters.JUnitReportReporter -->
<testsuite skipped="0" hostname="HARBIR-PC" name="harbir.SeleniumTest" tests="2" failures="0" timestamp="18 Oct 2018 16:11:21 GMT" time="0.001" errors="0">
  <testcase name="AndroidApp" time="0.001" classname="harbir.SeleniumTest"/>
  <testcase name="IOSApp" time="0.000" classname="harbir.SeleniumTest"/>
</testsuite> <!-- harbir.SeleniumTest -->
